2022-07-04 01:31:54-New Scan has been Initiated
2022-07-04 01:31:54-Checking for Docker in the Env
2022-07-04 01:31:54-http://localhost:None "GET /v1.41/_ping HTTP/1.1" 200 2
2022-07-04 01:31:54-Docker is running in the Environment
2022-07-04 01:31:54-Finding boman.yaml file
2022-07-04 01:31:54-Config yaml file found
2022-07-04 01:31:54-Prasing and Validating the config yaml file
2022-07-04 01:31:54-SAST is properly configured with ['ruby'] and ready to scan
2022-07-04 01:31:54-DAST was not properly defined in the config.
2022-07-04 01:31:54-Ignoring DAST, Please provide all mandatory inputs incase you like to run DAST scan.
2022-07-04 01:31:54-SCA was not properly defined in the config
2022-07-04 01:31:54-Ignoring SCA, Please provide all mandatory inputs incase you like to run SCA scan.
2022-07-04 01:31:54-Secret scanning is not properly configured. Cant read the Secret_Scan configuration.
2022-07-04 01:31:54-Testing Boman.ai Server
2022-07-04 01:31:54-Starting new HTTPS connection (1): devapi.boman.ai:443
2022-07-04 01:31:55-https://devapi.boman.ai:443 "GET /api/app/ping HTTP/1.1" 200 None
2022-07-04 01:31:55-Server is reachable 
2022-07-04 01:31:55-Authenticating with boman server
2022-07-04 01:31:55-Starting new HTTPS connection (1): devapi.boman.ai:443
2022-07-04 01:31:57-https://devapi.boman.ai:443 "POST /api/app/authorize HTTP/1.1" 200 None
2022-07-04 01:31:57-Authentication Done
2022-07-04 01:31:57-Sikping secret scanning, since there is no git found in the directory /root/sast_apps/Rails 3/Vulnerable-Rails-App/
2022-07-04 01:31:57-Preparing SAST Scan
2022-07-04 01:31:57-Working directory is /root/sast_apps/Rails 3/Vulnerable-Rails-App/
2022-07-04 01:31:57-Detected Language is : ['ruby']
2022-07-04 01:31:57-Counting the lines of code of the given language. Found: /root/sast_apps/Rails 3/Vulnerable-Rails-App/
2022-07-04 01:31:57-Loc found in the /root/sast_apps/Rails 3/Vulnerable-Rails-App/ : 0
2022-07-04 01:31:57-Running all the scans/docker with the user 0:0
2022-07-04 01:31:57-http://localhost:None "GET /v1.41/images/json?only_ids=0&all=0 HTTP/1.1" 200 1152
2022-07-04 01:31:57-http://localhost:None "GET /v1.41/images/sha256:a605ac60aa0efbc867d766c86c5daa3522f804283002bd070f37c45ecd862d97/json HTTP/1.1" 200 None
2022-07-04 01:31:57-http://localhost:None "GET /v1.41/images/sha256:9da48b689c91446e376c2600f4dd33c43da74182e9f785d7d250f6927e9cb8ed/json HTTP/1.1" 200 None
2022-07-04 01:31:57-http://localhost:None "GET /v1.41/images/sha256:adcaa75ae4cfcb1c25573e80cef21b8d25a2da181ea5cbc02de4421cbd004482/json HTTP/1.1" 200 None
2022-07-04 01:31:57-Checking the scanner image (bomanai/brakeman:latest) locally
2022-07-04 01:31:57-Image is already in the local machine
2022-07-04 01:31:57-Running Brakeman in the repository
2022-07-04 01:31:57-http://localhost:None "POST /v1.41/containers/create HTTP/1.1" 201 88
2022-07-04 01:31:57-http://localhost:None "GET /v1.41/containers/cbc378654561dbf64a573c2611f1cd0241af15ac43c678db8fcd5c8b2b9cdeea/json HTTP/1.1" 200 None
2022-07-04 01:31:57-http://localhost:None "POST /v1.41/containers/cbc378654561dbf64a573c2611f1cd0241af15ac43c678db8fcd5c8b2b9cdeea/start HTTP/1.1" 204 0
2022-07-04 01:31:57-http://localhost:None "GET /v1.41/containers/cbc378654561dbf64a573c2611f1cd0241af15ac43c678db8fcd5c8b2b9cdeea/logs?stderr=0&stdout=1&timestamps=0&follow=1&tail=all HTTP/1.1" 200 None
2022-07-04 01:31:57-http://localhost:None "GET /v1.41/containers/cbc378654561dbf64a573c2611f1cd0241af15ac43c678db8fcd5c8b2b9cdeea/json HTTP/1.1" 200 None
2022-07-04 01:31:58-http://localhost:None "POST /v1.41/containers/cbc378654561dbf64a573c2611f1cd0241af15ac43c678db8fcd5c8b2b9cdeea/wait HTTP/1.1" 200 None
2022-07-04 01:31:59-http://localhost:None "GET /v1.41/containers/cbc378654561dbf64a573c2611f1cd0241af15ac43c678db8fcd5c8b2b9cdeea/logs?stderr=1&stdout=0&timestamps=0&follow=0&tail=all HTTP/1.1" 200 None
2022-07-04 01:31:59-http://localhost:None "GET /v1.41/containers/cbc378654561dbf64a573c2611f1cd0241af15ac43c678db8fcd5c8b2b9cdeea/json HTTP/1.1" 200 None
2022-07-04 01:31:59-[WARNING]: Some Error recorded while scanning Brakeman
2022-07-04 01:31:59-Command '-o boman_brakeman.json' in image 'bomanai/brakeman:latest' returned non-zero exit status 3: b"Loading scanner...\nProcessing application in /code\nProcessing gems...                    \n[Notice] Detected Rails 3 application\nProcessing configuration...           \n[Notice] Escaping HTML by default\nParsing files...                      \nDetecting file types...               \nProcessing initializers...            \n 0/3 files processed\r 1/3 files processed\r 2/3 files processed\rProcessing libs...                    \n 0/6 files processed\r 1/6 files processed\r 2/6 files processed\r 3/6 files processed\r 4/6 files processed\r 5/6 files processed\rProcessing routes...                  \nProcessing templates...               \n 0/1 templates processed\rProcessing data flow in templates...  \n 0/1 templates processed\rProcessing models...                  \nProcessing controllers...             \n 0/1 files processed\rProcessing data flow in controllers...\n 0/1 controllers processed\rIndexing call sites...                \nRunning checks in parallel...\n - CheckBasicAuth\n - CheckBasicAuthTimingAttack\n - CheckCrossSiteScripting\n - CheckContentTag\n - CheckCookieSerialization\n - CheckCreateWith\n - CheckCSRFTokenForgeryCVE\n - CheckDefaultRoutes\n - CheckDeserialize\n - CheckDetailedExceptions\n - CheckDigestDoS\n - CheckDynamicFinders\n - CheckEOLRails\n - CheckEOLRuby\n - CheckEscapeFunction\n - CheckEvaluation\n - CheckExecute\n - CheckFileAccess\n - CheckFileDisclosure\n - CheckFilterSkipping\n - CheckForgerySetting\n - CheckHeaderDoS\n - CheckI18nXSS\n - CheckJRubyXML\n - CheckJSONEncoding\n - CheckJSONEntityEscape\n - CheckJSONParsing\n - CheckLinkTo\n - CheckLinkToHref\n - CheckMailTo\n - CheckMassAssignment\n - CheckMimeTypeDoS\n - CheckModelAttrAccessible\n - CheckModelAttributes\n - CheckModelSerialize\n - CheckNestedAttributes\n - CheckNestedAttributesBypass\n - CheckNumberToCurrency\n - CheckPageCachingCVE\n - CheckPermitAttributes\n - CheckQuoteTableName\n - CheckRedirect\n - CheckRegexDoS\n - CheckRender\n - CheckRenderDoS\n - CheckRenderInline\n - CheckResponseSplitting\n - CheckRouteDoS\n - CheckSafeBufferManipulation\n - CheckSanitizeMethods\n - CheckSelectTag\n - CheckSelectVulnerability\n - CheckSend\n - CheckSendFile\n - CheckSessionManipulation\n - CheckSessionSettings\n - CheckSimpleFormat\n - CheckSingleQuotes\n - CheckSkipBeforeFilter\n - CheckSprocketsPathTraversal\n - CheckSQL\n - CheckSQLCVEs\n - CheckSSLVerify\n - CheckStripTags\n - CheckSymbolDoSCVE\n - CheckTemplateInjection\n - CheckTranslateBug\n - CheckUnsafeReflection\n - CheckUnsafeReflectionMethods\n - CheckValidationRegex\n - CheckVerbConfusion\n - CheckWithoutProtection\n - CheckXMLDoS\n - CheckYAMLParsing\nChecks finished, collecting results...\nGenerating report...\nReport saved in 'boman_brakeman.json'\n"
2022-07-04 01:31:59-Uploading Brakeman report with filename: boman_brakeman.json
2022-07-04 01:31:59-fetching the boman_brakeman.json file from the directory /root/sast_apps/Rails 3/Vulnerable-Rails-App/
2022-07-04 01:31:59-Starting new HTTPS connection (1): devapi.boman.ai:443
2022-07-04 01:32:00-https://devapi.boman.ai:443 "POST /api/scan/upload/results HTTP/1.1" 200 None
2022-07-04 01:32:00-[COMPLETED]: Brakeman Report uploaded Successfully! Report Name: boman_brakeman.json
2022-07-04 01:32:00-Ignoring DAST scan
2022-07-04 01:32:00-Ignoring SCA scan
2022-07-04 01:32:00-################################ BOMAN Scanning Done ################################
2022-07-04 01:32:00-#####################################################################################
2022-07-04 01:32:00----------------------------------------------------------------------------------------------------------------
2022-07-04 01:32:00---------------------------  SUMMARY FOR SCAN: #SCAN-40001-316  -----------------------------------------------
2022-07-04 01:32:00----------------------------------------------------------------------------------------------------------------
2022-07-04 01:32:00--------- SAST STATUS ---------
2022-07-04 01:32:00-SCAN STATUS: Completed
2022-07-04 01:32:00-UPLOAD STATUS: Completed
2022-07-04 01:32:00-SCAN MESSAGE : Scan is completed
2022-07-04 01:32:00-ERRORS: ('Unrecongnized error recorded while scanning, [message from tool', 'Command \'-o boman_brakeman.json\' in image \'bomanai/brakeman:latest\' returned non-zero exit status 3: b"Loading scanner...\\nProcessing application in /code\\nProcessing gems...                    \\n[Notice] Detected Rails 3 application\\nProcessing configuration...           \\n[Notice] Escaping HTML by default\\nParsing files...                      \\nDetecting file types...               \\nProcessing initializers...            \\n 0/3 files processed\\r 1/3 files processed\\r 2/3 files processed\\rProcessing libs...                    \\n 0/6 files processed\\r 1/6 files processed\\r 2/6 files processed\\r 3/6 files processed\\r 4/6 files processed\\r 5/6 files processed\\rProcessing routes...                  \\nProcessing templates...               \\n 0/1 templates processed\\rProcessing data flow in templates...  \\n 0/1 templates processed\\rProcessing models...                  \\nProcessing controllers...             \\n 0/1 files processed\\rProcessing data flow in controllers...\\n 0/1 controllers processed\\rIndexing call sites...                \\nRunning checks in parallel...\\n - CheckBasicAuth\\n - CheckBasicAuthTimingAttack\\n - CheckCrossSiteScripting\\n - CheckContentTag\\n - CheckCookieSerialization\\n - CheckCreateWith\\n - CheckCSRFTokenForgeryCVE\\n - CheckDefaultRoutes\\n - CheckDeserialize\\n - CheckDetailedExceptions\\n - CheckDigestDoS\\n - CheckDynamicFinders\\n - CheckEOLRails\\n - CheckEOLRuby\\n - CheckEscapeFunction\\n - CheckEvaluation\\n - CheckExecute\\n - CheckFileAccess\\n - CheckFileDisclosure\\n - CheckFilterSkipping\\n - CheckForgerySetting\\n - CheckHeaderDoS\\n - CheckI18nXSS\\n - CheckJRubyXML\\n - CheckJSONEncoding\\n - CheckJSONEntityEscape\\n - CheckJSONParsing\\n - CheckLinkTo\\n - CheckLinkToHref\\n - CheckMailTo\\n - CheckMassAssignment\\n - CheckMimeTypeDoS\\n - CheckModelAttrAccessible\\n - CheckModelAttributes\\n - CheckModelSerialize\\n - CheckNestedAttributes\\n - CheckNestedAttributesBypass\\n - CheckNumberToCurrency\\n - CheckPageCachingCVE\\n - CheckPermitAttributes\\n - CheckQuoteTableName\\n - CheckRedirect\\n - CheckRegexDoS\\n - CheckRender\\n - CheckRenderDoS\\n - CheckRenderInline\\n - CheckResponseSplitting\\n - CheckRouteDoS\\n - CheckSafeBufferManipulation\\n - CheckSanitizeMethods\\n - CheckSelectTag\\n - CheckSelectVulnerability\\n - CheckSend\\n - CheckSendFile\\n - CheckSessionManipulation\\n - CheckSessionSettings\\n - CheckSimpleFormat\\n - CheckSingleQuotes\\n - CheckSkipBeforeFilter\\n - CheckSprocketsPathTraversal\\n - CheckSQL\\n - CheckSQLCVEs\\n - CheckSSLVerify\\n - CheckStripTags\\n - CheckSymbolDoSCVE\\n - CheckTemplateInjection\\n - CheckTranslateBug\\n - CheckUnsafeReflection\\n - CheckUnsafeReflectionMethods\\n - CheckValidationRegex\\n - CheckVerbConfusion\\n - CheckWithoutProtection\\n - CheckXMLDoS\\n - CheckYAMLParsing\\nChecks finished, collecting results...\\nGenerating report...\\nReport saved in \'boman_brakeman.json\'\\n"', ']')
2022-07-04 01:32:00-----------------------------------------
2022-07-04 01:32:00--------- DAST STATUS ---------
2022-07-04 01:32:00-SCAN MESSAGE : DAST was not properly defined in the config, Please check your boman.yaml file.
2022-07-04 01:32:00---------------------------------------
2022-07-04 01:32:00--------- SCA STATUS ---------
2022-07-04 01:32:00-SCAN MESSAGE : SCA was not properly defined in the config
2022-07-04 01:32:00---------------------------------------
2022-07-04 01:32:00--------- SECRET SCAN STATUS --------- 
2022-07-04 01:32:00-SCAN MESSAGE : Secret scanning is not properly configured
2022-07-04 01:32:00--------------------------------------
